<?xml version="1.0" encoding="UTF-8"?>
<testsuite xmlns:xsi="http://www.w3.org/2001/XMLSchema-instance" xsi:schemaLocation="https://maven.apache.org/surefire/maven-surefire-plugin/xsd/surefire-test-report.xsd" name="br.bdd.OnboadingIos.TestIosHome" time="46.152" tests="2" errors="2" skipped="0" failures="0">
  <properties>
[...]
</properties>
  <testcase name="br.bdd.OnboadingIos.TestIosHome" classname="br.bdd.OnboadingIos.TestIosHome" time="46.152">
    <error message="An unknown server-side error occurred while processing the command. Original error: EACCES: permission denied, open &apos;/Users/m.siqueira.viana/Library/Logs/DiagnosticReports/XCSBuilderService_2018-05-03-153245_AMAC02VD5T9HV29.crash&apos; (WARNING: The server did not provide any stacktrace information)&#10;Command duration or timeout: 45.62 seconds&#10;Build info: version: &apos;2.53.1&apos;, revision: &apos;a36b8b1cd5757287168e54b817830adce9b0158d&apos;, time: &apos;2016-06-30 19:26:09&apos;&#10;System info: host: &apos;AMAC02VD5T9HV29&apos;, ip: &apos;10.81.168.6&apos;, os.name: &apos;Mac OS X&apos;, os.arch: &apos;x86_64&apos;, os.version: &apos;10.13.4&apos;, java.version: &apos;1.8.0_161&apos;&#10;Driver info: io.appium.java_client.ios.IOSDriver" type="org.openqa.selenium.WebDriverException">org.openqa.selenium.WebDriverException: 
An unknown server-side error occurred while processing the command. Original error: EACCES: permission denied, open '/Users/m.siqueira.viana/Library/Logs/DiagnosticReports/XCSBuilderService_2018-05-03-153245_AMAC02VD5T9HV29.crash' (WARNING: The server did not provide any stacktrace information)
Command duration or timeout: 45.62 seconds
Build info: version: '2.53.1', revision: 'a36b8b1cd5757287168e54b817830adce9b0158d', time: '2016-06-30 19:26:09'
System info: host: 'AMAC02VD5T9HV29', ip: '10.81.168.6', os.name: 'Mac OS X', os.arch: 'x86_64', os.version: '10.13.4', java.version: '1.8.0_161'
Driver info: io.appium.java_client.ios.IOSDriver
	at br.bdd.OnboadingIos.TestIosHome.setup(TestIosHome.java:32)
</error>
  </testcase>
  <testcase name="br.bdd.OnboadingIos.TestIosHome" classname="br.bdd.OnboadingIos.TestIosHome" time="46.152">
    <error type="java.lang.NullPointerException">java.lang.NullPointerException
	at br.bdd.OnboadingIos.TestIosHome.testCaseTearDown(TestIosHome.java:62)
</error>
  </testcase>
</testsuite>